<?xml version="1.0" encoding="UTF-8" ?>
<testsuite failures="0" time="0.015" errors="0" skipped="0" tests="1" name="com.paypal.java.app.AppTest">
  <properties>
    <property name="java.runtime.name" value="Java(TM) SE Runtime Environment"/>
    <property name="sun.boot.library.path" value="c:\Aditya\Tools\corona-java-1.1.0\jdk-7u45-windows-x64\jre\bin"/>
    <property name="java.vm.version" value="24.45-b08"/>
    <property name="java.vm.vendor" value="Oracle Corporation"/>
    <property name="java.vendor.url" value="http://java.oracle.com/"/>
    <property name="path.separator" value=";"/>
    <property name="guice.disable.misplaced.annotation.check" value="true"/>
    <property name="java.vm.name" value="Java HotSpot(TM) 64-Bit Server VM"/>
    <property name="file.encoding.pkg" value="sun.io"/>
    <property name="user.script" value=""/>
    <property name="user.country" value="US"/>
    <property name="sun.java.launcher" value="SUN_STANDARD"/>
    <property name="sun.os.patch.level" value="Service Pack 1"/>
    <property name="java.vm.specification.name" value="Java Virtual Machine Specification"/>
    <property name="user.dir" value="c:\Users\achukka\Desktop\Work\Learning\Java Spring\Projects\spring-di-app"/>
    <property name="java.runtime.version" value="1.7.0_45-b18"/>
    <property name="java.awt.graphicsenv" value="sun.awt.Win32GraphicsEnvironment"/>
    <property name="java.endorsed.dirs" value="c:\Aditya\Tools\corona-java-1.1.0\jdk-7u45-windows-x64\jre\lib\endorsed"/>
    <property name="os.arch" value="amd64"/>
    <property name="java.io.tmpdir" value="C:\Users\achukka\AppData\Local\Temp\"/>
    <property name="line.separator" value="
"/>
    <property name="java.vm.specification.vendor" value="Oracle Corporation"/>
    <property name="user.variant" value=""/>
    <property name="os.name" value="Windows 7"/>
    <property name="classworlds.conf" value="c:/Aditya/Tools/corona-java-1.1.0/apache-maven-3.0.5/bin/m2.conf"/>
    <property name="sun.jnu.encoding" value="Cp1252"/>
    <property name="java.library.path" value="c:\Aditya\Tools\corona-java-1.1.0\jdk-7u45-windows-x64\bin;C:\WINDOWS\Sun\Java\bin;C:\WINDOWS\system32;C:\WINDOWS;h:\bin;.;C:\Program Files (x86)\Git\local\bin;C:\Program Files (x86)\Git\mingw\bin;C:\Program Files (x86)\Git\bin;c:\ProgramData\Oracle\Java\javapath;c:\PERL51001\Perl\site\bin;c:\PERL51001\Perl\bin;c:\Program Files (x86)\RSA SecurID Token Common;c:\WINDOWS\system32;c:\WINDOWS;c:\WINDOWS\System32\Wbem;c:\Program Files (x86)\Microsoft Application Virtualization Client;c:\Program Files (x86)\Intel\OpenCL SDK\3.0\bin\x86;c:\Program Files (x86)\Intel\OpenCL SDK\3.0\bin\x64;c:\Program Files\Intel\WiFi\bin\;c:\Program Files\Common Files\Intel\WirelessCommon\;c:\Program Files (x86)\java\jre6\bin\;c:\Perl64\bin;c:\Program Files (x86)\Perforce;c:\Program Files\Common Files\Hitachi ID\;c:\Program Files\Java\jdk1.8.0_05\bin;c:\Program Files (x86)\Notepad++;c:\corona-java-1.1.0\env.bat;c:\Python27\;c:\Python27\Scripts\;c:\Python27\Lib;c:\Python27\DLLs;c:\Python27\Lib\lib-tk;c:\WINDOWS\System32\WindowsPowerShell\v1.0\;c:\WINDOWS\System32\WindowsPowerShell\v1.0\;c:\Aditya\Tools\corona-java-1.1.0\apache-maven-3.0.5\bin;c:\Program Files (x86)\QuickTime\QTSystem\;c:\Program Files\nodejs\;c:\Program Files\Microsoft SQL Server\110\Tools\Binn\;c:\Program Files\Microsoft\Web Platform Installer\;c:\Program Files (x86)\Microsoft ASP.NET\ASP.NET Web Pages\v1.0\;c:\Program Files (x86)\Windows Kits\8.0\Windows Performance Toolkit\;c:\Program Files\TortoiseGit\bin;C:\Program Files (x86)\Git\cmd;C:\Program Files (x86)\Git\bin;c:\PERL51001\Perl\site\bin;c:\PERL51001\Perl\bin;c:\Program Files (x86)\RSA SecurID Token Common;c:\WINDOWS\system32;c:\WINDOWS;c:\WINDOWS\System32\Wbem;c:\WINDOWS\System32\WindowsPowerShell\v1.0\;c:\Program Files (x86)\Microsoft Application Virtualization Client;c:\Program Files (x86)\Intel\OpenCL SDK\3.0\bin\x86;c:\Program Files (x86)\Intel\OpenCL SDK\3.0\bin\x64;c:\Program Files\Intel\WiFi\bin\;c:\Program Files\Common Files\Intel\WirelessCommon\;c:\Program Files (x86)\java\jre6\bin\;c:\Perl64\bin;c:\Program Files (x86)\Perforce;c:\Program Files\Common Files\Hitachi ID\;c:\Program Files\Java\jdk1.8.0_05\bin;c:\Program Files (x86)\Notepad++;c:\Program Files\nodejs\;c:\corona-java-1.1.0\env.bat;c:\Program Files\TortoiseGit\bin;c:\corona-java-1.1.0\env.bat;c:\MinGW\mingw32\bin;c:\MinGW\bin;c:\Python27\;c:\Python27\Scripts\;c:\Python27\Lib;c:\Python27\DLLs;c:\Python27\Lib\lib-tk;c:\Aditya\Tools\corona-java-1.1.0\apache-maven-3.0.5\bin;c:\Users\achukka\AppData\Roaming\npm;c:\Program Files\MongoDB 2.6 Standard;c:\Program Files\MongoDB 2.6 Standard\bin;."/>
    <property name="java.specification.name" value="Java Platform API Specification"/>
    <property name="java.class.version" value="51.0"/>
    <property name="sun.management.compiler" value="HotSpot 64-Bit Tiered Compilers"/>
    <property name="os.version" value="6.1"/>
    <property name="user.home" value="C:\Users\achukka"/>
    <property name="user.timezone" value="Asia/Calcutta"/>
    <property name="java.awt.printerjob" value="sun.awt.windows.WPrinterJob"/>
    <property name="java.specification.version" value="1.7"/>
    <property name="file.encoding" value="Cp1252"/>
    <property name="user.name" value="achukka"/>
    <property name="java.class.path" value="c:/Aditya/Tools/corona-java-1.1.0/apache-maven-3.0.5/boot/plexus-classworlds-2.4.jar"/>
    <property name="java.vm.specification.version" value="1.7"/>
    <property name="sun.arch.data.model" value="64"/>
    <property name="java.home" value="c:\Aditya\Tools\corona-java-1.1.0\jdk-7u45-windows-x64\jre"/>
    <property name="sun.java.command" value="org.codehaus.plexus.classworlds.launcher.Launcher clean install"/>
    <property name="java.specification.vendor" value="Oracle Corporation"/>
    <property name="user.language" value="en"/>
    <property name="awt.toolkit" value="sun.awt.windows.WToolkit"/>
    <property name="java.vm.info" value="mixed mode"/>
    <property name="java.version" value="1.7.0_45"/>
    <property name="java.ext.dirs" value="c:\Aditya\Tools\corona-java-1.1.0\jdk-7u45-windows-x64\jre\lib\ext;C:\WINDOWS\Sun\Java\lib\ext"/>
    <property name="sun.boot.class.path" value="c:\Aditya\Tools\corona-java-1.1.0\jdk-7u45-windows-x64\jre\lib\resources.jar;c:\Aditya\Tools\corona-java-1.1.0\jdk-7u45-windows-x64\jre\lib\rt.jar;c:\Aditya\Tools\corona-java-1.1.0\jdk-7u45-windows-x64\jre\lib\sunrsasign.jar;c:\Aditya\Tools\corona-java-1.1.0\jdk-7u45-windows-x64\jre\lib\jsse.jar;c:\Aditya\Tools\corona-java-1.1.0\jdk-7u45-windows-x64\jre\lib\jce.jar;c:\Aditya\Tools\corona-java-1.1.0\jdk-7u45-windows-x64\jre\lib\charsets.jar;c:\Aditya\Tools\corona-java-1.1.0\jdk-7u45-windows-x64\jre\lib\jfr.jar;c:\Aditya\Tools\corona-java-1.1.0\jdk-7u45-windows-x64\jre\classes"/>
    <property name="java.vendor" value="Oracle Corporation"/>
    <property name="maven.home" value="c:\Aditya\Tools\corona-java-1.1.0\apache-maven-3.0.5"/>
    <property name="file.separator" value="\"/>
    <property name="java.vendor.url.bug" value="http://bugreport.sun.com/bugreport/"/>
    <property name="sun.cpu.endian" value="little"/>
    <property name="sun.io.unicode.encoding" value="UnicodeLittle"/>
    <property name="sun.desktop" value="windows"/>
    <property name="sun.cpu.isalist" value="amd64"/>
  </properties>
  <testcase time="0" classname="com.paypal.java.app.AppTest" name="testApp"/>
</testsuite>